[16:07:39] Using gulpfile ~/git/scene-scroller/gulpfile.js
[16:07:39] Starting 'test'...
[16:07:39] Starting 'connect'...
[16:07:39] Finished 'connect' after 7.25 ms
[16:07:39] Starting 'build-src'...
[16:07:39] Starting 'html-src'...
[16:07:39] Starting 'build-test'...
[16:07:39] Starting 'html-test'...
[16:07:39] Finished 'test' after 44 ms
[16:07:39] Starting 'watch'...
[16:07:39] Finished 'watch' after 8.38 ms
[16:07:39] Server started http://localhost:8080
[16:07:39] LiveReload started on port 35729
[16:07:39] Finished 'html-src' after 68 ms
[16:07:39] Finished 'html-test' after 63 ms
[16:07:40] File changed: /Users/derrick/git/scene-scroller/build/index.html
[16:07:40] Starting 'test'...
[16:07:40] Starting 'reload'...
[16:07:40] File changed: /Users/derrick/git/scene-scroller/build/test.html
[16:07:40] Finished 'reload' after 2.18 ms
[16:07:40] Finished 'build-test' after 515 ms
[16:07:40] Starting 'build-test-watch'...
[16:07:40] Finished 'build-test-watch' after 15 μs
[16:07:40] File changed: /Users/derrick/git/scene-scroller/build/test.js
[16:07:40] Starting 'reload'...
[16:07:40] File changed: /Users/derrick/git/scene-scroller/build/scenescroller.js
[16:07:40] Finished 'reload' after 998 μs
[16:07:40] Finished 'build-src' after 540 ms
[16:07:40] Starting 'build-src-watch'...
[16:07:40] Finished 'build-src-watch' after 26 μs
[16:07:40] Starting 'test-init'...
[16:07:40] Finished 'test-init' after 24 μs
[16:07:40] File changed: /Users/derrick/git/scene-scroller/build/scenescroller.min.js
[16:07:40] Starting 'reload'...
[16:07:40] Finished 'reload' after 735 μs


  Entity
    Constructor
[2K[0G      ✓ Creates a new Entity object
[2K[0G      ✓ Sets .created to Date object of creation time
[2K[0G      ✓ foobars


  3 passing (7ms)

[16:07:41] Finished 'test' after 1.2 s
[16:08:10] Browserify: 'build-test': File(s) updated: [ 'entity.spec.js' ]
[16:08:10] 3287 bytes written (0.01 seconds)
[16:08:10] File changed: /Users/derrick/git/scene-scroller/build/test.js
[16:08:10] Starting 'test'...
[16:08:10] Starting 'reload'...
[16:08:10] Finished 'reload' after 1.42 ms


  Entity
    Constructor
[2K[0G      ✓ Creates a new Entity object
[2K[0G      ✓ Sets .created to Date object of creation time
[2K[0G      ✓ foobars!!!


  3 passing (8ms)

[16:08:11] Finished 'test' after 1.24 s
[16:08:33] Browserify: 'build-test': File(s) updated: [ 'entity.spec.js' ]
[16:08:33] 3115 bytes written (0.01 seconds)
[16:08:33] File changed: /Users/derrick/git/scene-scroller/build/test.js
[16:08:33] Starting 'test'...
[16:08:33] Starting 'reload'...
[16:08:33] Finished 'reload' after 1.54 ms


  Entity
    Constructor
[2K[0G      ✓ Creates a new Entity object
[2K[0G      ✓ Sets .created to Date object of creation time


  2 passing (8ms)

[16:08:35] Finished 'test' after 1.4 s
